
**** Build of configuration Debug for project Interrupt Priority Demo ****

"C:\\ti\\ccsv7\\utils\\bin\\gmake" -k -j 8 all -O 
'Building file: ../main.c'
'Invoking: GNU Compiler'
"C:/ti/ccsv7/tools/compiler/gcc-arm-none-eabi-6-2017-q1-update/bin/arm-none-eabi-gcc.exe" -c -mcpu=cortex-m4 -march=armv7e-m -mthumb -mfloat-abi=hard -mfpu=fpv4-sp-d16 -DPART_TM4C123GH6PM -I"C:/Users/cykim/Desktop/embedded programming/Interrupt Priority Demo" -I"C:/Users/cykim/Desktop/CMSIS/Include" -I"C:/ti/ccsv7/tools/compiler/gcc-arm-none-eabi-6-2017-q1-update/arm-none-eabi/include" -ffunction-sections -fdata-sections -g -gdwarf-3 -gstrict-dwarf -Wall -specs="nosys.specs" -MMD -MP -MF"main.d" -MT"main.o" -o"main.o"  "../main.c"
../main.c: In function 'TIMER1A_Handler':
../main.c:25:15: warning: variable 'readback' set but not used [-Wunused-but-set-variable]
  volatile int readback;
               ^~~~~~~~
../main.c: In function 'TIMER2A_Handler':
../main.c:34:15: warning: variable 'readback' set but not used [-Wunused-but-set-variable]
  volatile int readback;
               ^~~~~~~~
'Finished building: ../main.c'
' '
'Building target: Interrupt Priority Demo.out'
'Invoking: GNU Linker'
"C:/ti/ccsv7/tools/compiler/gcc-arm-none-eabi-6-2017-q1-update/bin/arm-none-eabi-gcc.exe" -DPART_TM4C123GH6PM -ffunction-sections -fdata-sections -g -gdwarf-3 -gstrict-dwarf -Wall -specs="nosys.specs" -march=armv7e-m -mthumb -mfloat-abi=hard -mfpu=fpv4-sp-d16 -Wl,-Map,"Interrupt Priority Demo.map" --entry ResetISR -o"Interrupt Priority Demo.out" "./main.o" "./tm4c123gh6pm_startup_ccs_gcc.o" -Wl,-T"../tm4c123gh6pm.lds"  -Wl,--start-group -lc -Wl,--end-group 
'Finished building target: Interrupt Priority Demo.out'
' '

**** Build Finished ****
