
**** Build of configuration Debug for project Uart0,Uart5 serial ****

"C:\\ti\\ccsv7\\utils\\bin\\gmake" -k -j 8 all -O 
'Building file: ../tm4c123gh6pm_startup_ccs_gcc.c'
'Invoking: GNU Compiler'
"C:/ti/ccsv7/tools/compiler/gcc-arm-none-eabi-6-2017-q1-update/bin/arm-none-eabi-gcc.exe" -c -mcpu=cortex-m4 -march=armv7e-m -mthumb -mfloat-abi=hard -mfpu=fpv4-sp-d16 -DPART_TM4C123GH6PM -I"C:/Users/cykim/Desktop/embedded programming/Uart0,Uart5 serial" -I"C:/Users/cykim/Desktop/CMSIS/Include" -I"C:/ti/ccsv7/tools/compiler/gcc-arm-none-eabi-6-2017-q1-update/arm-none-eabi/include" -ffunction-sections -fdata-sections -g -gdwarf-3 -gstrict-dwarf -Wall -specs="nosys.specs" -MMD -MP -MF"tm4c123gh6pm_startup_ccs_gcc.d" -MT"tm4c123gh6pm_startup_ccs_gcc.o" -o"tm4c123gh6pm_startup_ccs_gcc.o"  "../tm4c123gh6pm_startup_ccs_gcc.c"
'Finished building: ../tm4c123gh6pm_startup_ccs_gcc.c'
' '
'Building file: ../queue.c'
'Invoking: GNU Compiler'
"C:/ti/ccsv7/tools/compiler/gcc-arm-none-eabi-6-2017-q1-update/bin/arm-none-eabi-gcc.exe" -c -mcpu=cortex-m4 -march=armv7e-m -mthumb -mfloat-abi=hard -mfpu=fpv4-sp-d16 -DPART_TM4C123GH6PM -I"C:/Users/cykim/Desktop/embedded programming/Uart0,Uart5 serial" -I"C:/Users/cykim/Desktop/CMSIS/Include" -I"C:/ti/ccsv7/tools/compiler/gcc-arm-none-eabi-6-2017-q1-update/arm-none-eabi/include" -ffunction-sections -fdata-sections -g -gdwarf-3 -gstrict-dwarf -Wall -specs="nosys.specs" -MMD -MP -MF"queue.d" -MT"queue.o" -o"queue.o"  "../queue.c"
'Finished building: ../queue.c'
' '
'Building file: ../main.c'
'Invoking: GNU Compiler'
"C:/ti/ccsv7/tools/compiler/gcc-arm-none-eabi-6-2017-q1-update/bin/arm-none-eabi-gcc.exe" -c -mcpu=cortex-m4 -march=armv7e-m -mthumb -mfloat-abi=hard -mfpu=fpv4-sp-d16 -DPART_TM4C123GH6PM -I"C:/Users/cykim/Desktop/embedded programming/Uart0,Uart5 serial" -I"C:/Users/cykim/Desktop/CMSIS/Include" -I"C:/ti/ccsv7/tools/compiler/gcc-arm-none-eabi-6-2017-q1-update/arm-none-eabi/include" -ffunction-sections -fdata-sections -g -gdwarf-3 -gstrict-dwarf -Wall -specs="nosys.specs" -MMD -MP -MF"main.d" -MT"main.o" -o"main.o"  "../main.c"
'Finished building: ../main.c'
' '
'Building file: ../serial.c'
'Invoking: GNU Compiler'
"C:/ti/ccsv7/tools/compiler/gcc-arm-none-eabi-6-2017-q1-update/bin/arm-none-eabi-gcc.exe" -c -mcpu=cortex-m4 -march=armv7e-m -mthumb -mfloat-abi=hard -mfpu=fpv4-sp-d16 -DPART_TM4C123GH6PM -I"C:/Users/cykim/Desktop/embedded programming/Uart0,Uart5 serial" -I"C:/Users/cykim/Desktop/CMSIS/Include" -I"C:/ti/ccsv7/tools/compiler/gcc-arm-none-eabi-6-2017-q1-update/arm-none-eabi/include" -ffunction-sections -fdata-sections -g -gdwarf-3 -gstrict-dwarf -Wall -specs="nosys.specs" -MMD -MP -MF"serial.d" -MT"serial.o" -o"serial.o"  "../serial.c"
../serial.c: In function 'UART0_Handler':
../serial.c:49:5: warning: implicit declaration of function 'enqueue' [-Wimplicit-function-declaration]
     enqueue(c);
     ^~~~~~~
../serial.c:44:18: warning: variable 'readback' set but not used [-Wunused-but-set-variable]
     volatile int readback;
                  ^~~~~~~~
'Finished building: ../serial.c'
' '
'Building target: Uart0,Uart5 serial.out'
'Invoking: GNU Linker'
"C:/ti/ccsv7/tools/compiler/gcc-arm-none-eabi-6-2017-q1-update/bin/arm-none-eabi-gcc.exe" -DPART_TM4C123GH6PM -ffunction-sections -fdata-sections -g -gdwarf-3 -gstrict-dwarf -Wall -specs="nosys.specs" -march=armv7e-m -mthumb -mfloat-abi=hard -mfpu=fpv4-sp-d16 -Wl,-Map,"Uart0,Uart5 serial.map" --entry ResetISR -o"Uart0,Uart5 serial.out" "./main.o" "./queue.o" "./serial.o" "./tm4c123gh6pm_startup_ccs_gcc.o" -Wl,-T"../tm4c123gh6pm.lds"  -Wl,--start-group -lc -Wl,--end-group 
makefile:146: recipe for target 'Uart0,Uart5 serial.out' failed
c:/ti/ccsv7/tools/compiler/gcc-arm-none-eabi-6-2017-q1-update/bin/../lib/gcc/arm-none-eabi/6.3.1/../../../../arm-none-eabi/bin/ld.exe: cannot find Uart5 serial.map: No such file or directory
collect2.exe: error: ld returned 1 exit status
gmake[1]: *** [Uart0,Uart5 serial.out] Error 1
gmake: *** [all] Error 2
makefile:142: recipe for target 'all' failed

**** Build Finished ****
